# JRE version: Java(TM) SE Runtime Environment (8.0_05-b13) (build 1.8.0_05-b13)
# Java VM: Java HotSpot(TM) 64-Bit Server VM (25.5-b02 mixed mode windows-amd64 compressed oops)
Heap:
 PSYoungGen      total 29696K, used 1419K [0x00000000d5f00000, 0x00000000d8380000, 0x0000000100000000)
  eden space 26112K, 5% used [0x00000000d5f00000,0x00000000d6062df8,0x00000000d7880000)
  from space 3584K, 0% used [0x00000000d7880000,0x00000000d7880000,0x00000000d7c00000)
  to   space 3584K, 0% used [0x00000000d8000000,0x00000000d8000000,0x00000000d8380000)
 ParOldGen       total 83968K, used 60063K [0x0000000081c00000, 0x0000000086e00000, 0x00000000d5f00000)
  object space 83968K, 71% used [0x0000000081c00000,0x00000000856a7f08,0x0000000086e00000)
 Metaspace       used 9728K, capacity 9910K, committed 10240K, reserved 1058816K
  class space    used 1125K, capacity 1169K, committed 1280K, reserved 1048576K
GC Heap History (10 events):
Event: 41.411 GC heap before
{Heap before GC invocations=24 (full 5):
 PSYoungGen      total 26624K, used 772K [0x00000000d5f00000, 0x00000000d7d80000, 0x0000000100000000)
  eden space 23040K, 3% used [0x00000000d5f00000,0x00000000d5fc10d0,0x00000000d7580000)
  from space 3584K, 0% used [0x00000000d7a00000,0x00000000d7a00000,0x00000000d7d80000)
  to   space 4096K, 0% used [0x00000000d7580000,0x00000000d7580000,0x00000000d7980000)
 ParOldGen       total 78336K, used 60064K [0x0000000081c00000, 0x0000000086880000, 0x00000000d5f00000)
  object space 78336K, 76% used [0x0000000081c00000,0x00000000856a80b8,0x0000000086880000)
 Metaspace       used 9718K, capacity 9910K, committed 10240K, reserved 1058816K
  class space    used 1125K, capacity 1169K, committed 1280K, reserved 1048576K
Event: 41.427 GC heap after
Heap after GC invocations=24 (full 5):
 PSYoungGen      total 27136K, used 160K [0x00000000d5f00000, 0x00000000d8000000, 0x0000000100000000)
  eden space 23040K, 0% used [0x00000000d5f00000,0x00000000d5f00000,0x00000000d7580000)
  from space 4096K, 3% used [0x00000000d7580000,0x00000000d75a8000,0x00000000d7980000)
  to   space 4096K, 0% used [0x00000000d7c00000,0x00000000d7c00000,0x00000000d8000000)
 ParOldGen       total 78336K, used 60064K [0x0000000081c00000, 0x0000000086880000, 0x00000000d5f00000)
  object space 78336K, 76% used [0x0000000081c00000,0x00000000856a80b8,0x0000000086880000)
 Metaspace       used 9718K, capacity 9910K, committed 10240K, reserved 1058816K
  class space    used 1125K, capacity 1169K, committed 1280K, reserved 1048576K
}
Event: 41.427 GC heap before
{Heap before GC invocations=25 (full 5):
 PSYoungGen      total 27136K, used 160K [0x00000000d5f00000, 0x00000000d8000000, 0x0000000100000000)
  eden space 23040K, 0% used [0x00000000d5f00000,0x00000000d5f00000,0x00000000d7580000)
  from space 4096K, 3% used [0x00000000d7580000,0x00000000d75a8000,0x00000000d7980000)
  to   space 4096K, 0% used [0x00000000d7c00000,0x00000000d7c00000,0x00000000d8000000)
 ParOldGen       total 78336K, used 60064K [0x0000000081c00000, 0x0000000086880000, 0x00000000d5f00000)
  object space 78336K, 76% used [0x0000000081c00000,0x00000000856a80b8,0x0000000086880000)
 Metaspace       used 9718K, capacity 9910K, committed 10240K, reserved 1058816K
  class space    used 1125K, capacity 1169K, committed 1280K, reserved 1048576K
Event: 41.442 GC heap after
Heap after GC invocations=25 (full 5):
 PSYoungGen      total 30208K, used 128K [0x00000000d5f00000, 0x00000000d8080000, 0x0000000100000000)
  eden space 26112K, 0% used [0x00000000d5f00000,0x00000000d5f00000,0x00000000d7880000)
  from space 4096K, 3% used [0x00000000d7c00000,0x00000000d7c20000,0x00000000d8000000)
  to   space 3584K, 0% used [0x00000000d7880000,0x00000000d7880000,0x00000000d7c00000)
 ParOldGen       total 78336K, used 60064K [0x0000000081c00000, 0x0000000086880000, 0x00000000d5f00000)
  object space 78336K, 76% used [0x0000000081c00000,0x00000000856a80b8,0x0000000086880000)
 Metaspace       used 9718K, capacity 9910K, committed 10240K, reserved 1058816K
  class space    used 1125K, capacity 1169K, committed 1280K, reserved 1048576K
}
Event: 41.442 GC heap before
{Heap before GC invocations=26 (full 6):
 PSYoungGen      total 30208K, used 128K [0x00000000d5f00000, 0x00000000d8080000, 0x0000000100000000)
  eden space 26112K, 0% used [0x00000000d5f00000,0x00000000d5f00000,0x00000000d7880000)
  from space 4096K, 3% used [0x00000000d7c00000,0x00000000d7c20000,0x00000000d8000000)
  to   space 3584K, 0% used [0x00000000d7880000,0x00000000d7880000,0x00000000d7c00000)
 ParOldGen       total 78336K, used 60064K [0x0000000081c00000, 0x0000000086880000, 0x00000000d5f00000)
  object space 78336K, 76% used [0x0000000081c00000,0x00000000856a80b8,0x0000000086880000)
 Metaspace       used 9718K, capacity 9910K, committed 10240K, reserved 1058816K
  class space    used 1125K, capacity 1169K, committed 1280K, reserved 1048576K
Event: 41.583 GC heap after
Heap after GC invocations=26 (full 6):
 PSYoungGen      total 30208K, used 0K [0x00000000d5f00000, 0x00000000d8080000, 0x0000000100000000)
  eden space 26112K, 0% used [0x00000000d5f00000,0x00000000d5f00000,0x00000000d7880000)
  from space 4096K, 0% used [0x00000000d7c00000,0x00000000d7c00000,0x00000000d8000000)
  to   space 3584K, 0% used [0x00000000d7880000,0x00000000d7880000,0x00000000d7c00000)
 ParOldGen       total 81408K, used 60063K [0x0000000081c00000, 0x0000000086b80000, 0x00000000d5f00000)
  object space 81408K, 73% used [0x0000000081c00000,0x00000000856a7f08,0x0000000086b80000)
 Metaspace       used 9718K, capacity 9910K, committed 10240K, reserved 1058816K
  class space    used 1125K, capacity 1169K, committed 1280K, reserved 1048576K
}
Event: 41.583 GC heap before
{Heap before GC invocations=27 (full 6):
 PSYoungGen      total 30208K, used 0K [0x00000000d5f00000, 0x00000000d8080000, 0x0000000100000000)
  eden space 26112K, 0% used [0x00000000d5f00000,0x00000000d5f00000,0x00000000d7880000)
  from space 4096K, 0% used [0x00000000d7c00000,0x00000000d7c00000,0x00000000d8000000)
  to   space 3584K, 0% used [0x00000000d7880000,0x00000000d7880000,0x00000000d7c00000)
 ParOldGen       total 81408K, used 60063K [0x0000000081c00000, 0x0000000086b80000, 0x00000000d5f00000)
  object space 81408K, 73% used [0x0000000081c00000,0x00000000856a7f08,0x0000000086b80000)
 Metaspace       used 9718K, capacity 9910K, committed 10240K, reserved 1058816K
  class space    used 1125K, capacity 1169K, committed 1280K, reserved 1048576K
Event: 41.584 GC heap after
Heap after GC invocations=27 (full 6):
 PSYoungGen      total 29696K, used 0K [0x00000000d5f00000, 0x00000000d8380000, 0x0000000100000000)
  eden space 26112K, 0% used [0x00000000d5f00000,0x00000000d5f00000,0x00000000d7880000)
  from space 3584K, 0% used [0x00000000d7880000,0x00000000d7880000,0x00000000d7c00000)
  to   space 3584K, 0% used [0x00000000d8000000,0x00000000d8000000,0x00000000d8380000)
 ParOldGen       total 81408K, used 60063K [0x0000000081c00000, 0x0000000086b80000, 0x00000000d5f00000)
  object space 81408K, 73% used [0x0000000081c00000,0x00000000856a7f08,0x0000000086b80000)
 Metaspace       used 9718K, capacity 9910K, committed 10240K, reserved 1058816K
  class space    used 1125K, capacity 1169K, committed 1280K, reserved 1048576K
}
Event: 41.584 GC heap before
{Heap before GC invocations=28 (full 7):
 PSYoungGen      total 29696K, used 0K [0x00000000d5f00000, 0x00000000d8380000, 0x0000000100000000)
  eden space 26112K, 0% used [0x00000000d5f00000,0x00000000d5f00000,0x00000000d7880000)
  from space 3584K, 0% used [0x00000000d7880000,0x00000000d7880000,0x00000000d7c00000)
  to   space 3584K, 0% used [0x00000000d8000000,0x00000000d8000000,0x00000000d8380000)
 ParOldGen       total 81408K, used 60063K [0x0000000081c00000, 0x0000000086b80000, 0x00000000d5f00000)
  object space 81408K, 73% used [0x0000000081c00000,0x00000000856a7f08,0x0000000086b80000)
 Metaspace       used 9718K, capacity 9910K, committed 10240K, reserved 1058816K
  class space    used 1125K, capacity 1169K, committed 1280K, reserved 1048576K
Event: 41.752 GC heap after
Heap after GC invocations=28 (full 7):
 PSYoungGen      total 29696K, used 0K [0x00000000d5f00000, 0x00000000d8380000, 0x0000000100000000)
  eden space 26112K, 0% used [0x00000000d5f00000,0x00000000d5f00000,0x00000000d7880000)
  from space 3584K, 0% used [0x00000000d7880000,0x00000000d7880000,0x00000000d7c00000)
  to   space 3584K, 0% used [0x00000000d8000000,0x00000000d8000000,0x00000000d8380000)
 ParOldGen       total 83968K, used 60063K [0x0000000081c00000, 0x0000000086e00000, 0x00000000d5f00000)
  object space 83968K, 71% used [0x0000000081c00000,0x00000000856a7f08,0x0000000086e00000)
 Metaspace       used 9718K, capacity 9910K, committed 10240K, reserved 1058816K
  class space    used 1125K, capacity 1169K, committed 1280K, reserved 1048576K
}

