# JRE version: Java(TM) SE Runtime Environment (8.0_05-b13) (build 1.8.0_05-b13)
# Java VM: Java HotSpot(TM) 64-Bit Server VM (25.5-b02 mixed mode windows-amd64 compressed oops)
Heap:
 PSYoungGen      total 6656K, used 4557K [0x00000000d5f00000, 0x00000000d6a00000, 0x0000000100000000)
  eden space 3584K, 41% used [0x00000000d5f00000,0x00000000d6073780,0x00000000d6280000)
  from space 3072K, 100% used [0x00000000d6600000,0x00000000d6900000,0x00000000d6900000)
  to   space 3584K, 0% used [0x00000000d6280000,0x00000000d6280000,0x00000000d6600000)
 ParOldGen       total 129536K, used 3558K [0x0000000081c00000, 0x0000000089a80000, 0x00000000d5f00000)
  object space 129536K, 2% used [0x0000000081c00000,0x0000000081f79b60,0x0000000089a80000)
 Metaspace       used 9393K, capacity 9526K, committed 9728K, reserved 1058816K
  class space    used 1118K, capacity 1169K, committed 1280K, reserved 1048576K
GC Heap History (10 events):
Event: 0.198 GC heap before
{Heap before GC invocations=4 (full 0):
 PSYoungGen      total 1024K, used 1008K [0x00000000d5f00000, 0x00000000d6100000, 0x0000000100000000)
  eden space 512K, 100% used [0x00000000d5f00000,0x00000000d5f80000,0x00000000d5f80000)
  from space 512K, 96% used [0x00000000d5f80000,0x00000000d5ffc010,0x00000000d6000000)
  to   space 512K, 0% used [0x00000000d6080000,0x00000000d6080000,0x00000000d6100000)
 ParOldGen       total 129536K, used 296K [0x0000000081c00000, 0x0000000089a80000, 0x00000000d5f00000)
  object space 129536K, 0% used [0x0000000081c00000,0x0000000081c4a000,0x0000000089a80000)
 Metaspace       used 6409K, capacity 6558K, committed 6784K, reserved 1056768K
  class space    used 733K, capacity 780K, committed 896K, reserved 1048576K
Event: 0.200 GC heap after
Heap after GC invocations=4 (full 0):
 PSYoungGen      total 1536K, used 496K [0x00000000d5f00000, 0x00000000d6100000, 0x0000000100000000)
  eden space 1024K, 0% used [0x00000000d5f00000,0x00000000d5f00000,0x00000000d6000000)
  from space 512K, 96% used [0x00000000d6080000,0x00000000d60fc010,0x00000000d6100000)
  to   space 512K, 0% used [0x00000000d6000000,0x00000000d6000000,0x00000000d6080000)
 ParOldGen       total 129536K, used 552K [0x0000000081c00000, 0x0000000089a80000, 0x00000000d5f00000)
  object space 129536K, 0% used [0x0000000081c00000,0x0000000081c8a010,0x0000000089a80000)
 Metaspace       used 6409K, capacity 6558K, committed 6784K, reserved 1056768K
  class space    used 733K, capacity 780K, committed 896K, reserved 1048576K
}
Event: 0.288 GC heap before
{Heap before GC invocations=5 (full 0):
 PSYoungGen      total 1536K, used 1518K [0x00000000d5f00000, 0x00000000d6100000, 0x0000000100000000)
  eden space 1024K, 99% used [0x00000000d5f00000,0x00000000d5fff918,0x00000000d6000000)
  from space 512K, 96% used [0x00000000d6080000,0x00000000d60fc010,0x00000000d6100000)
  to   space 512K, 0% used [0x00000000d6000000,0x00000000d6000000,0x00000000d6080000)
 ParOldGen       total 129536K, used 552K [0x0000000081c00000, 0x0000000089a80000, 0x00000000d5f00000)
  object space 129536K, 0% used [0x0000000081c00000,0x0000000081c8a010,0x0000000089a80000)
 Metaspace       used 8871K, capacity 9046K, committed 9088K, reserved 1056768K
  class space    used 1072K, capacity 1137K, committed 1152K, reserved 1048576K
Event: 0.290 GC heap after
Heap after GC invocations=5 (full 0):
 PSYoungGen      total 1536K, used 512K [0x00000000d5f00000, 0x00000000d6400000, 0x0000000100000000)
  eden space 1024K, 0% used [0x00000000d5f00000,0x00000000d5f00000,0x00000000d6000000)
  from space 512K, 100% used [0x00000000d6000000,0x00000000d6080000,0x00000000d6080000)
  to   space 1536K, 0% used [0x00000000d6280000,0x00000000d6280000,0x00000000d6400000)
 ParOldGen       total 129536K, used 1128K [0x0000000081c00000, 0x0000000089a80000, 0x00000000d5f00000)
  object space 129536K, 0% used [0x0000000081c00000,0x0000000081d1a060,0x0000000089a80000)
 Metaspace       used 8871K, capacity 9046K, committed 9088K, reserved 1056768K
  class space    used 1072K, capacity 1137K, committed 1152K, reserved 1048576K
}
Event: 0.294 GC heap before
{Heap before GC invocations=6 (full 0):
 PSYoungGen      total 1536K, used 1528K [0x00000000d5f00000, 0x00000000d6400000, 0x0000000100000000)
  eden space 1024K, 99% used [0x00000000d5f00000,0x00000000d5ffe370,0x00000000d6000000)
  from space 512K, 100% used [0x00000000d6000000,0x00000000d6080000,0x00000000d6080000)
  to   space 1536K, 0% used [0x00000000d6280000,0x00000000d6280000,0x00000000d6400000)
 ParOldGen       total 129536K, used 1128K [0x0000000081c00000, 0x0000000089a80000, 0x00000000d5f00000)
  object space 129536K, 0% used [0x0000000081c00000,0x0000000081d1a060,0x0000000089a80000)
 Metaspace       used 8884K, capacity 9046K, committed 9088K, reserved 1056768K
  class space    used 1076K, capacity 1137K, committed 1152K, reserved 1048576K
Event: 0.296 GC heap after
Heap after GC invocations=6 (full 0):
 PSYoungGen      total 3584K, used 1536K [0x00000000d5f00000, 0x00000000d6400000, 0x0000000100000000)
  eden space 2048K, 0% used [0x00000000d5f00000,0x00000000d5f00000,0x00000000d6100000)
  from space 1536K, 100% used [0x00000000d6280000,0x00000000d6400000,0x00000000d6400000)
  to   space 1536K, 0% used [0x00000000d6100000,0x00000000d6100000,0x00000000d6280000)
 ParOldGen       total 129536K, used 1128K [0x0000000081c00000, 0x0000000089a80000, 0x00000000d5f00000)
  object space 129536K, 0% used [0x0000000081c00000,0x0000000081d1a060,0x0000000089a80000)
 Metaspace       used 8884K, capacity 9046K, committed 9088K, reserved 1056768K
  class space    used 1076K, capacity 1137K, committed 1152K, reserved 1048576K
}
Event: 0.302 GC heap before
{Heap before GC invocations=7 (full 0):
 PSYoungGen      total 3584K, used 3584K [0x00000000d5f00000, 0x00000000d6400000, 0x0000000100000000)
  eden space 2048K, 100% used [0x00000000d5f00000,0x00000000d6100000,0x00000000d6100000)
  from space 1536K, 100% used [0x00000000d6280000,0x00000000d6400000,0x00000000d6400000)
  to   space 1536K, 0% used [0x00000000d6100000,0x00000000d6100000,0x00000000d6280000)
 ParOldGen       total 129536K, used 1128K [0x0000000081c00000, 0x0000000089a80000, 0x00000000d5f00000)
  object space 129536K, 0% used [0x0000000081c00000,0x0000000081d1a060,0x0000000089a80000)
 Metaspace       used 8899K, capacity 9046K, committed 9088K, reserved 1056768K
  class space    used 1076K, capacity 1137K, committed 1152K, reserved 1048576K
Event: 0.304 GC heap after
Heap after GC invocations=7 (full 0):
 PSYoungGen      total 3584K, used 1536K [0x00000000d5f00000, 0x00000000d6900000, 0x0000000100000000)
  eden space 2048K, 0% used [0x00000000d5f00000,0x00000000d5f00000,0x00000000d6100000)
  from space 1536K, 100% used [0x00000000d6100000,0x00000000d6280000,0x00000000d6280000)
  to   space 3072K, 0% used [0x00000000d6600000,0x00000000d6600000,0x00000000d6900000)
 ParOldGen       total 129536K, used 3022K [0x0000000081c00000, 0x0000000089a80000, 0x00000000d5f00000)
  object space 129536K, 2% used [0x0000000081c00000,0x0000000081ef3940,0x0000000089a80000)
 Metaspace       used 8899K, capacity 9046K, committed 9088K, reserved 1056768K
  class space    used 1076K, capacity 1137K, committed 1152K, reserved 1048576K
}
Event: 0.311 GC heap before
{Heap before GC invocations=8 (full 0):
 PSYoungGen      total 3584K, used 3584K [0x00000000d5f00000, 0x00000000d6900000, 0x0000000100000000)
  eden space 2048K, 100% used [0x00000000d5f00000,0x00000000d6100000,0x00000000d6100000)
  from space 1536K, 100% used [0x00000000d6100000,0x00000000d6280000,0x00000000d6280000)
  to   space 3072K, 0% used [0x00000000d6600000,0x00000000d6600000,0x00000000d6900000)
 ParOldGen       total 129536K, used 3022K [0x0000000081c00000, 0x0000000089a80000, 0x00000000d5f00000)
  object space 129536K, 2% used [0x0000000081c00000,0x0000000081ef3940,0x0000000089a80000)
 Metaspace       used 8909K, capacity 9046K, committed 9088K, reserved 1056768K
  class space    used 1076K, capacity 1137K, committed 1152K, reserved 1048576K
Event: 0.313 GC heap after
Heap after GC invocations=8 (full 0):
 PSYoungGen      total 6656K, used 3072K [0x00000000d5f00000, 0x00000000d6a00000, 0x0000000100000000)
  eden space 3584K, 0% used [0x00000000d5f00000,0x00000000d5f00000,0x00000000d6280000)
  from space 3072K, 100% used [0x00000000d6600000,0x00000000d6900000,0x00000000d6900000)
  to   space 3584K, 0% used [0x00000000d6280000,0x00000000d6280000,0x00000000d6600000)
 ParOldGen       total 129536K, used 3558K [0x0000000081c00000, 0x0000000089a80000, 0x00000000d5f00000)
  object space 129536K, 2% used [0x0000000081c00000,0x0000000081f79b60,0x0000000089a80000)
 Metaspace       used 8909K, capacity 9046K, committed 9088K, reserved 1056768K
  class space    used 1076K, capacity 1137K, committed 1152K, reserved 1048576K
}

