# JRE version: Java(TM) SE Runtime Environment (8.0_05-b13) (build 1.8.0_05-b13)
# Java VM: Java HotSpot(TM) 64-Bit Server VM (25.5-b02 mixed mode windows-amd64 compressed oops)
Heap:
 PSYoungGen      total 48640K, used 12988K [0x00000000d5f00000, 0x00000000d9400000, 0x0000000100000000)
  eden space 43008K, 29% used [0x00000000d5f00000,0x00000000d6b97078,0x00000000d8900000)
  from space 5632K, 1% used [0x00000000d8e80000,0x00000000d8e98000,0x00000000d9400000)
  to   space 5632K, 0% used [0x00000000d8900000,0x00000000d8900000,0x00000000d8e80000)
 ParOldGen       total 129536K, used 9894K [0x0000000081c00000, 0x0000000089a80000, 0x00000000d5f00000)
  object space 129536K, 7% used [0x0000000081c00000,0x00000000825a9a20,0x0000000089a80000)
 Metaspace       used 9722K, capacity 9846K, committed 9984K, reserved 1058816K
  class space    used 1126K, capacity 1169K, committed 1280K, reserved 1048576K
GC Heap History (10 events):
Event: 14.725 GC heap before
{Heap before GC invocations=12 (full 0):
 PSYoungGen      total 16896K, used 10400K [0x00000000d5f00000, 0x00000000d7b00000, 0x0000000100000000)
  eden space 10240K, 100% used [0x00000000d5f00000,0x00000000d6900000,0x00000000d6900000)
  from space 6656K, 2% used [0x00000000d6900000,0x00000000d6928000,0x00000000d6f80000)
  to   space 6144K, 0% used [0x00000000d7500000,0x00000000d7500000,0x00000000d7b00000)
 ParOldGen       total 129536K, used 9814K [0x0000000081c00000, 0x0000000089a80000, 0x00000000d5f00000)
  object space 129536K, 7% used [0x0000000081c00000,0x0000000082595a20,0x0000000089a80000)
 Metaspace       used 9722K, capacity 9846K, committed 9984K, reserved 1058816K
  class space    used 1126K, capacity 1169K, committed 1280K, reserved 1048576K
Event: 14.725 GC heap after
Heap after GC invocations=12 (full 0):
 PSYoungGen      total 22528K, used 96K [0x00000000d5f00000, 0x00000000d7b00000, 0x0000000100000000)
  eden space 16384K, 0% used [0x00000000d5f00000,0x00000000d5f00000,0x00000000d6f00000)
  from space 6144K, 1% used [0x00000000d7500000,0x00000000d7518000,0x00000000d7b00000)
  to   space 6144K, 0% used [0x00000000d6f00000,0x00000000d6f00000,0x00000000d7500000)
 ParOldGen       total 129536K, used 9838K [0x0000000081c00000, 0x0000000089a80000, 0x00000000d5f00000)
  object space 129536K, 7% used [0x0000000081c00000,0x000000008259ba20,0x0000000089a80000)
 Metaspace       used 9722K, capacity 9846K, committed 9984K, reserved 1058816K
  class space    used 1126K, capacity 1169K, committed 1280K, reserved 1048576K
}
Event: 20.657 GC heap before
{Heap before GC invocations=13 (full 0):
 PSYoungGen      total 22528K, used 16480K [0x00000000d5f00000, 0x00000000d7b00000, 0x0000000100000000)
  eden space 16384K, 100% used [0x00000000d5f00000,0x00000000d6f00000,0x00000000d6f00000)
  from space 6144K, 1% used [0x00000000d7500000,0x00000000d7518000,0x00000000d7b00000)
  to   space 6144K, 0% used [0x00000000d6f00000,0x00000000d6f00000,0x00000000d7500000)
 ParOldGen       total 129536K, used 9838K [0x0000000081c00000, 0x0000000089a80000, 0x00000000d5f00000)
  object space 129536K, 7% used [0x0000000081c00000,0x000000008259ba20,0x0000000089a80000)
 Metaspace       used 9722K, capacity 9846K, committed 9984K, reserved 1058816K
  class space    used 1126K, capacity 1169K, committed 1280K, reserved 1048576K
Event: 20.658 GC heap after
Heap after GC invocations=13 (full 0):
 PSYoungGen      total 22528K, used 96K [0x00000000d5f00000, 0x00000000d8500000, 0x0000000100000000)
  eden space 16384K, 0% used [0x00000000d5f00000,0x00000000d5f00000,0x00000000d6f00000)
  from space 6144K, 1% used [0x00000000d6f00000,0x00000000d6f18000,0x00000000d7500000)
  to   space 6144K, 0% used [0x00000000d7f00000,0x00000000d7f00000,0x00000000d8500000)
 ParOldGen       total 129536K, used 9846K [0x0000000081c00000, 0x0000000089a80000, 0x00000000d5f00000)
  object space 129536K, 7% used [0x0000000081c00000,0x000000008259da20,0x0000000089a80000)
 Metaspace       used 9722K, capacity 9846K, committed 9984K, reserved 1058816K
  class space    used 1126K, capacity 1169K, committed 1280K, reserved 1048576K
}
Event: 26.621 GC heap before
{Heap before GC invocations=14 (full 0):
 PSYoungGen      total 22528K, used 16480K [0x00000000d5f00000, 0x00000000d8500000, 0x0000000100000000)
  eden space 16384K, 100% used [0x00000000d5f00000,0x00000000d6f00000,0x00000000d6f00000)
  from space 6144K, 1% used [0x00000000d6f00000,0x00000000d6f18000,0x00000000d7500000)
  to   space 6144K, 0% used [0x00000000d7f00000,0x00000000d7f00000,0x00000000d8500000)
 ParOldGen       total 129536K, used 9846K [0x0000000081c00000, 0x0000000089a80000, 0x00000000d5f00000)
  object space 129536K, 7% used [0x0000000081c00000,0x000000008259da20,0x0000000089a80000)
 Metaspace       used 9722K, capacity 9846K, committed 9984K, reserved 1058816K
  class space    used 1126K, capacity 1169K, committed 1280K, reserved 1048576K
Event: 26.622 GC heap after
Heap after GC invocations=14 (full 0):
 PSYoungGen      total 32768K, used 160K [0x00000000d5f00000, 0x00000000d8500000, 0x0000000100000000)
  eden space 26624K, 0% used [0x00000000d5f00000,0x00000000d5f00000,0x00000000d7900000)
  from space 6144K, 2% used [0x00000000d7f00000,0x00000000d7f28000,0x00000000d8500000)
  to   space 6144K, 0% used [0x00000000d7900000,0x00000000d7900000,0x00000000d7f00000)
 ParOldGen       total 129536K, used 9870K [0x0000000081c00000, 0x0000000089a80000, 0x00000000d5f00000)
  object space 129536K, 7% used [0x0000000081c00000,0x00000000825a3a20,0x0000000089a80000)
 Metaspace       used 9722K, capacity 9846K, committed 9984K, reserved 1058816K
  class space    used 1126K, capacity 1169K, committed 1280K, reserved 1048576K
}
Event: 36.356 GC heap before
{Heap before GC invocations=15 (full 0):
 PSYoungGen      total 32768K, used 26784K [0x00000000d5f00000, 0x00000000d8500000, 0x0000000100000000)
  eden space 26624K, 100% used [0x00000000d5f00000,0x00000000d7900000,0x00000000d7900000)
  from space 6144K, 2% used [0x00000000d7f00000,0x00000000d7f28000,0x00000000d8500000)
  to   space 6144K, 0% used [0x00000000d7900000,0x00000000d7900000,0x00000000d7f00000)
 ParOldGen       total 129536K, used 9870K [0x0000000081c00000, 0x0000000089a80000, 0x00000000d5f00000)
  object space 129536K, 7% used [0x0000000081c00000,0x00000000825a3a20,0x0000000089a80000)
 Metaspace       used 9722K, capacity 9846K, committed 9984K, reserved 1058816K
  class space    used 1126K, capacity 1169K, committed 1280K, reserved 1048576K
Event: 36.357 GC heap after
Heap after GC invocations=15 (full 0):
 PSYoungGen      total 32768K, used 192K [0x00000000d5f00000, 0x00000000d9400000, 0x0000000100000000)
  eden space 26624K, 0% used [0x00000000d5f00000,0x00000000d5f00000,0x00000000d7900000)
  from space 6144K, 3% used [0x00000000d7900000,0x00000000d7930000,0x00000000d7f00000)
  to   space 5632K, 0% used [0x00000000d8e80000,0x00000000d8e80000,0x00000000d9400000)
 ParOldGen       total 129536K, used 9870K [0x0000000081c00000, 0x0000000089a80000, 0x00000000d5f00000)
  object space 129536K, 7% used [0x0000000081c00000,0x00000000825a3a20,0x0000000089a80000)
 Metaspace       used 9722K, capacity 9846K, committed 9984K, reserved 1058816K
  class space    used 1126K, capacity 1169K, committed 1280K, reserved 1048576K
}
Event: 46.114 GC heap before
{Heap before GC invocations=16 (full 0):
 PSYoungGen      total 32768K, used 26816K [0x00000000d5f00000, 0x00000000d9400000, 0x0000000100000000)
  eden space 26624K, 100% used [0x00000000d5f00000,0x00000000d7900000,0x00000000d7900000)
  from space 6144K, 3% used [0x00000000d7900000,0x00000000d7930000,0x00000000d7f00000)
  to   space 5632K, 0% used [0x00000000d8e80000,0x00000000d8e80000,0x00000000d9400000)
 ParOldGen       total 129536K, used 9870K [0x0000000081c00000, 0x0000000089a80000, 0x00000000d5f00000)
  object space 129536K, 7% used [0x0000000081c00000,0x00000000825a3a20,0x0000000089a80000)
 Metaspace       used 9722K, capacity 9846K, committed 9984K, reserved 1058816K
  class space    used 1126K, capacity 1169K, committed 1280K, reserved 1048576K
Event: 46.114 GC heap after
Heap after GC invocations=16 (full 0):
 PSYoungGen      total 48640K, used 96K [0x00000000d5f00000, 0x00000000d9400000, 0x0000000100000000)
  eden space 43008K, 0% used [0x00000000d5f00000,0x00000000d5f00000,0x00000000d8900000)
  from space 5632K, 1% used [0x00000000d8e80000,0x00000000d8e98000,0x00000000d9400000)
  to   space 5632K, 0% used [0x00000000d8900000,0x00000000d8900000,0x00000000d8e80000)
 ParOldGen       total 129536K, used 9894K [0x0000000081c00000, 0x0000000089a80000, 0x00000000d5f00000)
  object space 129536K, 7% used [0x0000000081c00000,0x00000000825a9a20,0x0000000089a80000)
 Metaspace       used 9722K, capacity 9846K, committed 9984K, reserved 1058816K
  class space    used 1126K, capacity 1169K, committed 1280K, reserved 1048576K
}

