# JRE version: Java(TM) SE Runtime Environment (8.0_05-b13) (build 1.8.0_05-b13)
# Java VM: Java HotSpot(TM) 64-Bit Server VM (25.5-b02 mixed mode windows-amd64 compressed oops)
Heap:
 PSYoungGen      total 63488K, used 503K [0x00000000d5f00000, 0x00000000da380000, 0x0000000100000000)
  eden space 59904K, 0% used [0x00000000d5f00000,0x00000000d5f7de10,0x00000000d9980000)
  from space 3584K, 0% used [0x00000000d9980000,0x00000000d9980000,0x00000000d9d00000)
  to   space 3584K, 0% used [0x00000000d9d00000,0x00000000d9d00000,0x00000000da080000)
 ParOldGen       total 1379328K, used 622014K [0x0000000081c00000, 0x00000000d5f00000, 0x00000000d5f00000)
  object space 1379328K, 45% used [0x0000000081c00000,0x00000000a7b6fb88,0x00000000d5f00000)
 Metaspace       used 9870K, capacity 10038K, committed 10240K, reserved 1058816K
  class space    used 1125K, capacity 1169K, committed 1280K, reserved 1048576K
GC Heap History (10 events):
Event: 67.971 GC heap before
{Heap before GC invocations=26 (full 5):
 PSYoungGen      total 55296K, used 1902K [0x00000000d5f00000, 0x00000000d9a00000, 0x0000000100000000)
  eden space 53248K, 3% used [0x00000000d5f00000,0x00000000d60dbb00,0x00000000d9300000)
  from space 2048K, 0% used [0x00000000d9800000,0x00000000d9800000,0x00000000d9a00000)
  to   space 3584K, 0% used [0x00000000d9300000,0x00000000d9300000,0x00000000d9680000)
 ParOldGen       total 1379328K, used 622014K [0x0000000081c00000, 0x00000000d5f00000, 0x00000000d5f00000)
  object space 1379328K, 45% used [0x0000000081c00000,0x00000000a7b6fb60,0x00000000d5f00000)
 Metaspace       used 9870K, capacity 10038K, committed 10240K, reserved 1058816K
  class space    used 1125K, capacity 1169K, committed 1280K, reserved 1048576K
Event: 68.152 GC heap after
Heap after GC invocations=26 (full 5):
 PSYoungGen      total 56832K, used 192K [0x00000000d5f00000, 0x00000000da080000, 0x0000000100000000)
  eden space 53248K, 0% used [0x00000000d5f00000,0x00000000d5f00000,0x00000000d9300000)
  from space 3584K, 5% used [0x00000000d9300000,0x00000000d9330000,0x00000000d9680000)
  to   space 3584K, 0% used [0x00000000d9d00000,0x00000000d9d00000,0x00000000da080000)
 ParOldGen       total 1379328K, used 622014K [0x0000000081c00000, 0x00000000d5f00000, 0x00000000d5f00000)
  object space 1379328K, 45% used [0x0000000081c00000,0x00000000a7b6fb60,0x00000000d5f00000)
 Metaspace       used 9870K, capacity 10038K, committed 10240K, reserved 1058816K
  class space    used 1125K, capacity 1169K, committed 1280K, reserved 1048576K
}
Event: 68.152 GC heap before
{Heap before GC invocations=27 (full 5):
 PSYoungGen      total 56832K, used 192K [0x00000000d5f00000, 0x00000000da080000, 0x0000000100000000)
  eden space 53248K, 0% used [0x00000000d5f00000,0x00000000d5f00000,0x00000000d9300000)
  from space 3584K, 5% used [0x00000000d9300000,0x00000000d9330000,0x00000000d9680000)
  to   space 3584K, 0% used [0x00000000d9d00000,0x00000000d9d00000,0x00000000da080000)
 ParOldGen       total 1379328K, used 622014K [0x0000000081c00000, 0x00000000d5f00000, 0x00000000d5f00000)
  object space 1379328K, 45% used [0x0000000081c00000,0x00000000a7b6fb60,0x00000000d5f00000)
 Metaspace       used 9870K, capacity 10038K, committed 10240K, reserved 1058816K
  class space    used 1125K, capacity 1169K, committed 1280K, reserved 1048576K
Event: 68.333 GC heap after
Heap after GC invocations=27 (full 5):
 PSYoungGen      total 63488K, used 160K [0x00000000d5f00000, 0x00000000da380000, 0x0000000100000000)
  eden space 59904K, 0% used [0x00000000d5f00000,0x00000000d5f00000,0x00000000d9980000)
  from space 3584K, 4% used [0x00000000d9d00000,0x00000000d9d28000,0x00000000da080000)
  to   space 3584K, 0% used [0x00000000d9980000,0x00000000d9980000,0x00000000d9d00000)
 ParOldGen       total 1379328K, used 622014K [0x0000000081c00000, 0x00000000d5f00000, 0x00000000d5f00000)
  object space 1379328K, 45% used [0x0000000081c00000,0x00000000a7b6fb60,0x00000000d5f00000)
 Metaspace       used 9870K, capacity 10038K, committed 10240K, reserved 1058816K
  class space    used 1125K, capacity 1169K, committed 1280K, reserved 1048576K
}
Event: 68.333 GC heap before
{Heap before GC invocations=28 (full 6):
 PSYoungGen      total 63488K, used 160K [0x00000000d5f00000, 0x00000000da380000, 0x0000000100000000)
  eden space 59904K, 0% used [0x00000000d5f00000,0x00000000d5f00000,0x00000000d9980000)
  from space 3584K, 4% used [0x00000000d9d00000,0x00000000d9d28000,0x00000000da080000)
  to   space 3584K, 0% used [0x00000000d9980000,0x00000000d9980000,0x00000000d9d00000)
 ParOldGen       total 1379328K, used 622014K [0x0000000081c00000, 0x00000000d5f00000, 0x00000000d5f00000)
  object space 1379328K, 45% used [0x0000000081c00000,0x00000000a7b6fb60,0x00000000d5f00000)
 Metaspace       used 9870K, capacity 10038K, committed 10240K, reserved 1058816K
  class space    used 1125K, capacity 1169K, committed 1280K, reserved 1048576K
Event: 69.995 GC heap after
Heap after GC invocations=28 (full 6):
 PSYoungGen      total 63488K, used 0K [0x00000000d5f00000, 0x00000000da380000, 0x0000000100000000)
  eden space 59904K, 0% used [0x00000000d5f00000,0x00000000d5f00000,0x00000000d9980000)
  from space 3584K, 0% used [0x00000000d9d00000,0x00000000d9d00000,0x00000000da080000)
  to   space 3584K, 0% used [0x00000000d9980000,0x00000000d9980000,0x00000000d9d00000)
 ParOldGen       total 734208K, used 622014K [0x0000000081c00000, 0x00000000ae900000, 0x00000000d5f00000)
  object space 734208K, 84% used [0x0000000081c00000,0x00000000a7b6fb88,0x00000000ae900000)
 Metaspace       used 9870K, capacity 10038K, committed 10240K, reserved 1058816K
  class space    used 1125K, capacity 1169K, committed 1280K, reserved 1048576K
}
Event: 69.996 GC heap before
{Heap before GC invocations=29 (full 6):
 PSYoungGen      total 63488K, used 0K [0x00000000d5f00000, 0x00000000da380000, 0x0000000100000000)
  eden space 59904K, 0% used [0x00000000d5f00000,0x00000000d5f00000,0x00000000d9980000)
  from space 3584K, 0% used [0x00000000d9d00000,0x00000000d9d00000,0x00000000da080000)
  to   space 3584K, 0% used [0x00000000d9980000,0x00000000d9980000,0x00000000d9d00000)
 ParOldGen       total 1379328K, used 622014K [0x0000000081c00000, 0x00000000d5f00000, 0x00000000d5f00000)
  object space 1379328K, 45% used [0x0000000081c00000,0x00000000a7b6fb88,0x00000000d5f00000)
 Metaspace       used 9870K, capacity 10038K, committed 10240K, reserved 1058816K
  class space    used 1125K, capacity 1169K, committed 1280K, reserved 1048576K
Event: 69.999 GC heap after
Heap after GC invocations=29 (full 6):
 PSYoungGen      total 63488K, used 0K [0x00000000d5f00000, 0x00000000da380000, 0x0000000100000000)
  eden space 59904K, 0% used [0x00000000d5f00000,0x00000000d5f00000,0x00000000d9980000)
  from space 3584K, 0% used [0x00000000d9980000,0x00000000d9980000,0x00000000d9d00000)
  to   space 3584K, 0% used [0x00000000d9d00000,0x00000000d9d00000,0x00000000da080000)
 ParOldGen       total 1379328K, used 622014K [0x0000000081c00000, 0x00000000d5f00000, 0x00000000d5f00000)
  object space 1379328K, 45% used [0x0000000081c00000,0x00000000a7b6fb88,0x00000000d5f00000)
 Metaspace       used 9870K, capacity 10038K, committed 10240K, reserved 1058816K
  class space    used 1125K, capacity 1169K, committed 1280K, reserved 1048576K
}
Event: 69.999 GC heap before
{Heap before GC invocations=30 (full 7):
 PSYoungGen      total 63488K, used 0K [0x00000000d5f00000, 0x00000000da380000, 0x0000000100000000)
  eden space 59904K, 0% used [0x00000000d5f00000,0x00000000d5f00000,0x00000000d9980000)
  from space 3584K, 0% used [0x00000000d9980000,0x00000000d9980000,0x00000000d9d00000)
  to   space 3584K, 0% used [0x00000000d9d00000,0x00000000d9d00000,0x00000000da080000)
 ParOldGen       total 1379328K, used 622014K [0x0000000081c00000, 0x00000000d5f00000, 0x00000000d5f00000)
  object space 1379328K, 45% used [0x0000000081c00000,0x00000000a7b6fb88,0x00000000d5f00000)
 Metaspace       used 9870K, capacity 10038K, committed 10240K, reserved 1058816K
  class space    used 1125K, capacity 1169K, committed 1280K, reserved 1048576K
Event: 71.943 GC heap after
Heap after GC invocations=30 (full 7):
 PSYoungGen      total 63488K, used 0K [0x00000000d5f00000, 0x00000000da380000, 0x0000000100000000)
  eden space 59904K, 0% used [0x00000000d5f00000,0x00000000d5f00000,0x00000000d9980000)
  from space 3584K, 0% used [0x00000000d9980000,0x00000000d9980000,0x00000000d9d00000)
  to   space 3584K, 0% used [0x00000000d9d00000,0x00000000d9d00000,0x00000000da080000)
 ParOldGen       total 737792K, used 622014K [0x0000000081c00000, 0x00000000aec80000, 0x00000000d5f00000)
  object space 737792K, 84% used [0x0000000081c00000,0x00000000a7b6fb88,0x00000000aec80000)
 Metaspace       used 9870K, capacity 10038K, committed 10240K, reserved 1058816K
  class space    used 1125K, capacity 1169K, committed 1280K, reserved 1048576K
}

