# JRE version: Java(TM) SE Runtime Environment (8.0_05-b13) (build 1.8.0_05-b13)
# Java VM: Java HotSpot(TM) 64-Bit Server VM (25.5-b02 mixed mode windows-amd64 compressed oops)
Heap:
 PSYoungGen      total 6144K, used 4759K [0x00000000d5f00000, 0x00000000d6900000, 0x0000000100000000)
  eden space 3584K, 61% used [0x00000000d5f00000,0x00000000d6125f48,0x00000000d6280000)
  from space 2560K, 100% used [0x00000000d6580000,0x00000000d6800000,0x00000000d6800000)
  to   space 3072K, 0% used [0x00000000d6280000,0x00000000d6280000,0x00000000d6580000)
 ParOldGen       total 129536K, used 3031K [0x0000000081c00000, 0x0000000089a80000, 0x00000000d5f00000)
  object space 129536K, 2% used [0x0000000081c00000,0x0000000081ef5d08,0x0000000089a80000)
 Metaspace       used 9184K, capacity 9302K, committed 9344K, reserved 1056768K
  class space    used 1102K, capacity 1137K, committed 1152K, reserved 1048576K
GC Heap History (10 events):
Event: 0.140 GC heap before
{Heap before GC invocations=2 (full 0):
 PSYoungGen      total 1024K, used 1024K [0x00000000d5f00000, 0x00000000d6100000, 0x0000000100000000)
  eden space 512K, 100% used [0x00000000d5f00000,0x00000000d5f80000,0x00000000d5f80000)
  from space 512K, 100% used [0x00000000d5f80000,0x00000000d6000000,0x00000000d6000000)
  to   space 512K, 0% used [0x00000000d6080000,0x00000000d6080000,0x00000000d6100000)
 ParOldGen       total 129536K, used 8K [0x0000000081c00000, 0x0000000089a80000, 0x00000000d5f00000)
  object space 129536K, 0% used [0x0000000081c00000,0x0000000081c02000,0x0000000089a80000)
 Metaspace       used 5253K, capacity 5378K, committed 5504K, reserved 1056768K
  class space    used 586K, capacity 610K, committed 640K, reserved 1048576K
Event: 0.142 GC heap after
Heap after GC invocations=2 (full 0):
 PSYoungGen      total 1536K, used 496K [0x00000000d5f00000, 0x00000000d6100000, 0x0000000100000000)
  eden space 1024K, 0% used [0x00000000d5f00000,0x00000000d5f00000,0x00000000d6000000)
  from space 512K, 96% used [0x00000000d6080000,0x00000000d60fc010,0x00000000d6100000)
  to   space 512K, 0% used [0x00000000d6000000,0x00000000d6000000,0x00000000d6080000)
 ParOldGen       total 129536K, used 200K [0x0000000081c00000, 0x0000000089a80000, 0x00000000d5f00000)
  object space 129536K, 0% used [0x0000000081c00000,0x0000000081c32000,0x0000000089a80000)
 Metaspace       used 5253K, capacity 5378K, committed 5504K, reserved 1056768K
  class space    used 586K, capacity 610K, committed 640K, reserved 1048576K
}
Event: 0.217 GC heap before
{Heap before GC invocations=3 (full 0):
 PSYoungGen      total 1536K, used 1520K [0x00000000d5f00000, 0x00000000d6100000, 0x0000000100000000)
  eden space 1024K, 100% used [0x00000000d5f00000,0x00000000d6000000,0x00000000d6000000)
  from space 512K, 96% used [0x00000000d6080000,0x00000000d60fc010,0x00000000d6100000)
  to   space 512K, 0% used [0x00000000d6000000,0x00000000d6000000,0x00000000d6080000)
 ParOldGen       total 129536K, used 200K [0x0000000081c00000, 0x0000000089a80000, 0x00000000d5f00000)
  object space 129536K, 0% used [0x0000000081c00000,0x0000000081c32000,0x0000000089a80000)
 Metaspace       used 6397K, capacity 6558K, committed 6784K, reserved 1056768K
  class space    used 733K, capacity 780K, committed 896K, reserved 1048576K
Event: 0.219 GC heap after
Heap after GC invocations=3 (full 0):
 PSYoungGen      total 1536K, used 512K [0x00000000d5f00000, 0x00000000d6200000, 0x0000000100000000)
  eden space 1024K, 0% used [0x00000000d5f00000,0x00000000d5f00000,0x00000000d6000000)
  from space 512K, 100% used [0x00000000d6000000,0x00000000d6080000,0x00000000d6080000)
  to   space 512K, 0% used [0x00000000d6180000,0x00000000d6180000,0x00000000d6200000)
 ParOldGen       total 129536K, used 476K [0x0000000081c00000, 0x0000000089a80000, 0x00000000d5f00000)
  object space 129536K, 0% used [0x0000000081c00000,0x0000000081c77328,0x0000000089a80000)
 Metaspace       used 6397K, capacity 6558K, committed 6784K, reserved 1056768K
  class space    used 733K, capacity 780K, committed 896K, reserved 1048576K
}
Event: 0.317 GC heap before
{Heap before GC invocations=4 (full 0):
 PSYoungGen      total 1536K, used 1536K [0x00000000d5f00000, 0x00000000d6200000, 0x0000000100000000)
  eden space 1024K, 100% used [0x00000000d5f00000,0x00000000d6000000,0x00000000d6000000)
  from space 512K, 100% used [0x00000000d6000000,0x00000000d6080000,0x00000000d6080000)
  to   space 512K, 0% used [0x00000000d6180000,0x00000000d6180000,0x00000000d6200000)
 ParOldGen       total 129536K, used 476K [0x0000000081c00000, 0x0000000089a80000, 0x00000000d5f00000)
  object space 129536K, 0% used [0x0000000081c00000,0x0000000081c77328,0x0000000089a80000)
 Metaspace       used 8955K, capacity 9110K, committed 9344K, reserved 1056768K
  class space    used 1084K, capacity 1137K, committed 1152K, reserved 1048576K
Event: 0.319 GC heap after
Heap after GC invocations=4 (full 0):
 PSYoungGen      total 2560K, used 512K [0x00000000d5f00000, 0x00000000d6200000, 0x0000000100000000)
  eden space 2048K, 0% used [0x00000000d5f00000,0x00000000d5f00000,0x00000000d6100000)
  from space 512K, 100% used [0x00000000d6180000,0x00000000d6200000,0x00000000d6200000)
  to   space 512K, 0% used [0x00000000d6100000,0x00000000d6100000,0x00000000d6180000)
 ParOldGen       total 129536K, used 1060K [0x0000000081c00000, 0x0000000089a80000, 0x00000000d5f00000)
  object space 129536K, 0% used [0x0000000081c00000,0x0000000081d09358,0x0000000089a80000)
 Metaspace       used 8955K, capacity 9110K, committed 9344K, reserved 1056768K
  class space    used 1084K, capacity 1137K, committed 1152K, reserved 1048576K
}
Event: 0.327 GC heap before
{Heap before GC invocations=5 (full 0):
 PSYoungGen      total 2560K, used 2553K [0x00000000d5f00000, 0x00000000d6200000, 0x0000000100000000)
  eden space 2048K, 99% used [0x00000000d5f00000,0x00000000d60fe7d0,0x00000000d6100000)
  from space 512K, 100% used [0x00000000d6180000,0x00000000d6200000,0x00000000d6200000)
  to   space 512K, 0% used [0x00000000d6100000,0x00000000d6100000,0x00000000d6180000)
 ParOldGen       total 129536K, used 1060K [0x0000000081c00000, 0x0000000089a80000, 0x00000000d5f00000)
  object space 129536K, 0% used [0x0000000081c00000,0x0000000081d09358,0x0000000089a80000)
 Metaspace       used 8982K, capacity 9110K, committed 9344K, reserved 1056768K
  class space    used 1088K, capacity 1137K, committed 1152K, reserved 1048576K
Event: 0.330 GC heap after
Heap after GC invocations=5 (full 0):
 PSYoungGen      total 2560K, used 512K [0x00000000d5f00000, 0x00000000d6800000, 0x0000000100000000)
  eden space 2048K, 0% used [0x00000000d5f00000,0x00000000d5f00000,0x00000000d6100000)
  from space 512K, 100% used [0x00000000d6100000,0x00000000d6180000,0x00000000d6180000)
  to   space 2560K, 0% used [0x00000000d6580000,0x00000000d6580000,0x00000000d6800000)
 ParOldGen       total 129536K, used 2967K [0x0000000081c00000, 0x0000000089a80000, 0x00000000d5f00000)
  object space 129536K, 2% used [0x0000000081c00000,0x0000000081ee5cb8,0x0000000089a80000)
 Metaspace       used 8982K, capacity 9110K, committed 9344K, reserved 1056768K
  class space    used 1088K, capacity 1137K, committed 1152K, reserved 1048576K
}
Event: 0.336 GC heap before
{Heap before GC invocations=6 (full 0):
 PSYoungGen      total 2560K, used 2552K [0x00000000d5f00000, 0x00000000d6800000, 0x0000000100000000)
  eden space 2048K, 99% used [0x00000000d5f00000,0x00000000d60fe388,0x00000000d6100000)
  from space 512K, 100% used [0x00000000d6100000,0x00000000d6180000,0x00000000d6180000)
  to   space 2560K, 0% used [0x00000000d6580000,0x00000000d6580000,0x00000000d6800000)
 ParOldGen       total 129536K, used 2967K [0x0000000081c00000, 0x0000000089a80000, 0x00000000d5f00000)
  object space 129536K, 2% used [0x0000000081c00000,0x0000000081ee5cb8,0x0000000089a80000)
 Metaspace       used 8993K, capacity 9174K, committed 9344K, reserved 1056768K
  class space    used 1088K, capacity 1137K, committed 1152K, reserved 1048576K
Event: 0.339 GC heap after
Heap after GC invocations=6 (full 0):
 PSYoungGen      total 6144K, used 2560K [0x00000000d5f00000, 0x00000000d6900000, 0x0000000100000000)
  eden space 3584K, 0% used [0x00000000d5f00000,0x00000000d5f00000,0x00000000d6280000)
  from space 2560K, 100% used [0x00000000d6580000,0x00000000d6800000,0x00000000d6800000)
  to   space 3072K, 0% used [0x00000000d6280000,0x00000000d6280000,0x00000000d6580000)
 ParOldGen       total 129536K, used 3031K [0x0000000081c00000, 0x0000000089a80000, 0x00000000d5f00000)
  object space 129536K, 2% used [0x0000000081c00000,0x0000000081ef5d08,0x0000000089a80000)
 Metaspace       used 8993K, capacity 9174K, committed 9344K, reserved 1056768K
  class space    used 1088K, capacity 1137K, committed 1152K, reserved 1048576K
}

