# JRE version: Java(TM) SE Runtime Environment (8.0_05-b13) (build 1.8.0_05-b13)
# Java VM: Java HotSpot(TM) 64-Bit Server VM (25.5-b02 mixed mode windows-amd64 compressed oops)
Heap:
 PSYoungGen      total 32256K, used 5824K [0x00000000d5f00000, 0x00000000d8280000, 0x0000000100000000)
  eden space 28160K, 20% used [0x00000000d5f00000,0x00000000d6498098,0x00000000d7a80000)
  from space 4096K, 2% used [0x00000000d7e80000,0x00000000d7e98000,0x00000000d8280000)
  to   space 4096K, 0% used [0x00000000d7a80000,0x00000000d7a80000,0x00000000d7e80000)
 ParOldGen       total 129536K, used 6870K [0x0000000081c00000, 0x0000000089a80000, 0x00000000d5f00000)
  object space 129536K, 5% used [0x0000000081c00000,0x00000000822b59f0,0x0000000089a80000)
 Metaspace       used 9708K, capacity 9846K, committed 9984K, reserved 1058816K
  class space    used 1126K, capacity 1169K, committed 1280K, reserved 1048576K
GC Heap History (10 events):
Event: 32.091 GC heap before
{Heap before GC invocations=10 (full 0):
 PSYoungGen      total 11264K, used 8028K [0x00000000d5f00000, 0x00000000d7180000, 0x0000000100000000)
  eden space 6656K, 100% used [0x00000000d5f00000,0x00000000d6580000,0x00000000d6580000)
  from space 4608K, 29% used [0x00000000d6580000,0x00000000d66d7010,0x00000000d6a00000)
  to   space 4096K, 0% used [0x00000000d6d80000,0x00000000d6d80000,0x00000000d7180000)
 ParOldGen       total 129536K, used 5421K [0x0000000081c00000, 0x0000000089a80000, 0x00000000d5f00000)
  object space 129536K, 4% used [0x0000000081c00000,0x000000008214b450,0x0000000089a80000)
 Metaspace       used 9697K, capacity 9846K, committed 9984K, reserved 1058816K
  class space    used 1125K, capacity 1169K, committed 1280K, reserved 1048576K
Event: 32.092 GC heap after
Heap after GC invocations=10 (full 0):
 PSYoungGen      total 14848K, used 160K [0x00000000d5f00000, 0x00000000d7180000, 0x0000000100000000)
  eden space 10752K, 0% used [0x00000000d5f00000,0x00000000d5f00000,0x00000000d6980000)
  from space 4096K, 3% used [0x00000000d6d80000,0x00000000d6da8000,0x00000000d7180000)
  to   space 4096K, 0% used [0x00000000d6980000,0x00000000d6980000,0x00000000d6d80000)
 ParOldGen       total 129536K, used 6766K [0x0000000081c00000, 0x0000000089a80000, 0x00000000d5f00000)
  object space 129536K, 5% used [0x0000000081c00000,0x000000008229b9f0,0x0000000089a80000)
 Metaspace       used 9697K, capacity 9846K, committed 9984K, reserved 1058816K
  class space    used 1125K, capacity 1169K, committed 1280K, reserved 1048576K
}
Event: 51.240 GC heap before
{Heap before GC invocations=11 (full 0):
 PSYoungGen      total 14848K, used 10912K [0x00000000d5f00000, 0x00000000d7180000, 0x0000000100000000)
  eden space 10752K, 100% used [0x00000000d5f00000,0x00000000d6980000,0x00000000d6980000)
  from space 4096K, 3% used [0x00000000d6d80000,0x00000000d6da8000,0x00000000d7180000)
  to   space 4096K, 0% used [0x00000000d6980000,0x00000000d6980000,0x00000000d6d80000)
 ParOldGen       total 129536K, used 6766K [0x0000000081c00000, 0x0000000089a80000, 0x00000000d5f00000)
  object space 129536K, 5% used [0x0000000081c00000,0x000000008229b9f0,0x0000000089a80000)
 Metaspace       used 9700K, capacity 9846K, committed 9984K, reserved 1058816K
  class space    used 1126K, capacity 1169K, committed 1280K, reserved 1048576K
Event: 51.241 GC heap after
Heap after GC invocations=11 (full 0):
 PSYoungGen      total 14848K, used 256K [0x00000000d5f00000, 0x00000000d7800000, 0x0000000100000000)
  eden space 10752K, 0% used [0x00000000d5f00000,0x00000000d5f00000,0x00000000d6980000)
  from space 4096K, 6% used [0x00000000d6980000,0x00000000d69c0000,0x00000000d6d80000)
  to   space 4096K, 0% used [0x00000000d7400000,0x00000000d7400000,0x00000000d7800000)
 ParOldGen       total 129536K, used 6806K [0x0000000081c00000, 0x0000000089a80000, 0x00000000d5f00000)
  object space 129536K, 5% used [0x0000000081c00000,0x00000000822a59f0,0x0000000089a80000)
 Metaspace       used 9700K, capacity 9846K, committed 9984K, reserved 1058816K
  class space    used 1126K, capacity 1169K, committed 1280K, reserved 1048576K
}
Event: 54.754 GC heap before
{Heap before GC invocations=12 (full 0):
 PSYoungGen      total 14848K, used 11008K [0x00000000d5f00000, 0x00000000d7800000, 0x0000000100000000)
  eden space 10752K, 100% used [0x00000000d5f00000,0x00000000d6980000,0x00000000d6980000)
  from space 4096K, 6% used [0x00000000d6980000,0x00000000d69c0000,0x00000000d6d80000)
  to   space 4096K, 0% used [0x00000000d7400000,0x00000000d7400000,0x00000000d7800000)
 ParOldGen       total 129536K, used 6806K [0x0000000081c00000, 0x0000000089a80000, 0x00000000d5f00000)
  object space 129536K, 5% used [0x0000000081c00000,0x00000000822a59f0,0x0000000089a80000)
 Metaspace       used 9707K, capacity 9846K, committed 9984K, reserved 1058816K
  class space    used 1126K, capacity 1169K, committed 1280K, reserved 1048576K
Event: 54.754 GC heap after
Heap after GC invocations=12 (full 0):
 PSYoungGen      total 21504K, used 64K [0x00000000d5f00000, 0x00000000d7800000, 0x0000000100000000)
  eden space 17408K, 0% used [0x00000000d5f00000,0x00000000d5f00000,0x00000000d7000000)
  from space 4096K, 1% used [0x00000000d7400000,0x00000000d7410000,0x00000000d7800000)
  to   space 4096K, 0% used [0x00000000d7000000,0x00000000d7000000,0x00000000d7400000)
 ParOldGen       total 129536K, used 6830K [0x0000000081c00000, 0x0000000089a80000, 0x00000000d5f00000)
  object space 129536K, 5% used [0x0000000081c00000,0x00000000822ab9f0,0x0000000089a80000)
 Metaspace       used 9707K, capacity 9846K, committed 9984K, reserved 1058816K
  class space    used 1126K, capacity 1169K, committed 1280K, reserved 1048576K
}
Event: 60.878 GC heap before
{Heap before GC invocations=13 (full 0):
 PSYoungGen      total 21504K, used 17472K [0x00000000d5f00000, 0x00000000d7800000, 0x0000000100000000)
  eden space 17408K, 100% used [0x00000000d5f00000,0x00000000d7000000,0x00000000d7000000)
  from space 4096K, 1% used [0x00000000d7400000,0x00000000d7410000,0x00000000d7800000)
  to   space 4096K, 0% used [0x00000000d7000000,0x00000000d7000000,0x00000000d7400000)
 ParOldGen       total 129536K, used 6830K [0x0000000081c00000, 0x0000000089a80000, 0x00000000d5f00000)
  object space 129536K, 5% used [0x0000000081c00000,0x00000000822ab9f0,0x0000000089a80000)
 Metaspace       used 9708K, capacity 9846K, committed 9984K, reserved 1058816K
  class space    used 1126K, capacity 1169K, committed 1280K, reserved 1048576K
Event: 60.878 GC heap after
Heap after GC invocations=13 (full 0):
 PSYoungGen      total 21504K, used 96K [0x00000000d5f00000, 0x00000000d8280000, 0x0000000100000000)
  eden space 17408K, 0% used [0x00000000d5f00000,0x00000000d5f00000,0x00000000d7000000)
  from space 4096K, 2% used [0x00000000d7000000,0x00000000d7018000,0x00000000d7400000)
  to   space 4096K, 0% used [0x00000000d7e80000,0x00000000d7e80000,0x00000000d8280000)
 ParOldGen       total 129536K, used 6854K [0x0000000081c00000, 0x0000000089a80000, 0x00000000d5f00000)
  object space 129536K, 5% used [0x0000000081c00000,0x00000000822b19f0,0x0000000089a80000)
 Metaspace       used 9708K, capacity 9846K, committed 9984K, reserved 1058816K
  class space    used 1126K, capacity 1169K, committed 1280K, reserved 1048576K
}
Event: 66.966 GC heap before
{Heap before GC invocations=14 (full 0):
 PSYoungGen      total 21504K, used 17504K [0x00000000d5f00000, 0x00000000d8280000, 0x0000000100000000)
  eden space 17408K, 100% used [0x00000000d5f00000,0x00000000d7000000,0x00000000d7000000)
  from space 4096K, 2% used [0x00000000d7000000,0x00000000d7018000,0x00000000d7400000)
  to   space 4096K, 0% used [0x00000000d7e80000,0x00000000d7e80000,0x00000000d8280000)
 ParOldGen       total 129536K, used 6854K [0x0000000081c00000, 0x0000000089a80000, 0x00000000d5f00000)
  object space 129536K, 5% used [0x0000000081c00000,0x00000000822b19f0,0x0000000089a80000)
 Metaspace       used 9708K, capacity 9846K, committed 9984K, reserved 1058816K
  class space    used 1126K, capacity 1169K, committed 1280K, reserved 1048576K
Event: 66.967 GC heap after
Heap after GC invocations=14 (full 0):
 PSYoungGen      total 32256K, used 96K [0x00000000d5f00000, 0x00000000d8280000, 0x0000000100000000)
  eden space 28160K, 0% used [0x00000000d5f00000,0x00000000d5f00000,0x00000000d7a80000)
  from space 4096K, 2% used [0x00000000d7e80000,0x00000000d7e98000,0x00000000d8280000)
  to   space 4096K, 0% used [0x00000000d7a80000,0x00000000d7a80000,0x00000000d7e80000)
 ParOldGen       total 129536K, used 6870K [0x0000000081c00000, 0x0000000089a80000, 0x00000000d5f00000)
  object space 129536K, 5% used [0x0000000081c00000,0x00000000822b59f0,0x0000000089a80000)
 Metaspace       used 9708K, capacity 9846K, committed 9984K, reserved 1058816K
  class space    used 1126K, capacity 1169K, committed 1280K, reserved 1048576K
}

