# JRE version: Java(TM) SE Runtime Environment (8.0_05-b13) (build 1.8.0_05-b13)
# Java VM: Java HotSpot(TM) 64-Bit Server VM (25.5-b02 mixed mode windows-amd64 compressed oops)
Heap:
 PSYoungGen      total 137216K, used 1329K [0x00000000d5f00000, 0x00000000de700000, 0x0000000100000000)
  eden space 135680K, 0% used [0x00000000d5f00000,0x00000000d604c5c0,0x00000000de380000)
  from space 1536K, 0% used [0x00000000de500000,0x00000000de500000,0x00000000de680000)
  to   space 1536K, 0% used [0x00000000de380000,0x00000000de380000,0x00000000de500000)
 ParOldGen       total 191488K, used 127688K [0x0000000081c00000, 0x000000008d700000, 0x00000000d5f00000)
  object space 191488K, 66% used [0x0000000081c00000,0x00000000898b20b8,0x000000008d700000)
 Metaspace       used 9832K, capacity 9974K, committed 10240K, reserved 1058816K
  class space    used 1126K, capacity 1169K, committed 1280K, reserved 1048576K
GC Heap History (10 events):
Event: 76.291 GC heap before
{Heap before GC invocations=51 (full 15):
 PSYoungGen      total 115712K, used 1113K [0x00000000d5f00000, 0x00000000ddc00000, 0x0000000100000000)
  eden space 113664K, 0% used [0x00000000d5f00000,0x00000000d60166f0,0x00000000dce00000)
  from space 2048K, 0% used [0x00000000dce00000,0x00000000dce00000,0x00000000dd000000)
  to   space 1536K, 0% used [0x00000000dda80000,0x00000000dda80000,0x00000000ddc00000)
 ParOldGen       total 187904K, used 127688K [0x0000000081c00000, 0x000000008d380000, 0x00000000d5f00000)
  object space 187904K, 67% used [0x0000000081c00000,0x00000000898b2000,0x000000008d380000)
 Metaspace       used 9832K, capacity 9974K, committed 10240K, reserved 1058816K
  class space    used 1126K, capacity 1169K, committed 1280K, reserved 1048576K
Event: 76.326 GC heap after
Heap after GC invocations=51 (full 15):
 PSYoungGen      total 122368K, used 128K [0x00000000d5f00000, 0x00000000ddb00000, 0x0000000100000000)
  eden space 121856K, 0% used [0x00000000d5f00000,0x00000000d5f00000,0x00000000dd600000)
  from space 512K, 25% used [0x00000000dda80000,0x00000000ddaa0000,0x00000000ddb00000)
  to   space 1536K, 0% used [0x00000000dd800000,0x00000000dd800000,0x00000000dd980000)
 ParOldGen       total 187904K, used 127688K [0x0000000081c00000, 0x000000008d380000, 0x00000000d5f00000)
  object space 187904K, 67% used [0x0000000081c00000,0x00000000898b2000,0x000000008d380000)
 Metaspace       used 9832K, capacity 9974K, committed 10240K, reserved 1058816K
  class space    used 1126K, capacity 1169K, committed 1280K, reserved 1048576K
}
Event: 76.326 GC heap before
{Heap before GC invocations=52 (full 15):
 PSYoungGen      total 122368K, used 128K [0x00000000d5f00000, 0x00000000ddb00000, 0x0000000100000000)
  eden space 121856K, 0% used [0x00000000d5f00000,0x00000000d5f00000,0x00000000dd600000)
  from space 512K, 25% used [0x00000000dda80000,0x00000000ddaa0000,0x00000000ddb00000)
  to   space 1536K, 0% used [0x00000000dd800000,0x00000000dd800000,0x00000000dd980000)
 ParOldGen       total 187904K, used 127688K [0x0000000081c00000, 0x000000008d380000, 0x00000000d5f00000)
  object space 187904K, 67% used [0x0000000081c00000,0x00000000898b2000,0x000000008d380000)
 Metaspace       used 9832K, capacity 9974K, committed 10240K, reserved 1058816K
  class space    used 1126K, capacity 1169K, committed 1280K, reserved 1048576K
Event: 76.362 GC heap after
Heap after GC invocations=52 (full 15):
 PSYoungGen      total 125440K, used 128K [0x00000000d5f00000, 0x00000000de680000, 0x0000000100000000)
  eden space 123904K, 0% used [0x00000000d5f00000,0x00000000d5f00000,0x00000000dd800000)
  from space 1536K, 8% used [0x00000000dd800000,0x00000000dd820000,0x00000000dd980000)
  to   space 1536K, 0% used [0x00000000de500000,0x00000000de500000,0x00000000de680000)
 ParOldGen       total 187904K, used 127688K [0x0000000081c00000, 0x000000008d380000, 0x00000000d5f00000)
  object space 187904K, 67% used [0x0000000081c00000,0x00000000898b2000,0x000000008d380000)
 Metaspace       used 9832K, capacity 9974K, committed 10240K, reserved 1058816K
  class space    used 1126K, capacity 1169K, committed 1280K, reserved 1048576K
}
Event: 76.362 GC heap before
{Heap before GC invocations=53 (full 16):
 PSYoungGen      total 125440K, used 128K [0x00000000d5f00000, 0x00000000de680000, 0x0000000100000000)
  eden space 123904K, 0% used [0x00000000d5f00000,0x00000000d5f00000,0x00000000dd800000)
  from space 1536K, 8% used [0x00000000dd800000,0x00000000dd820000,0x00000000dd980000)
  to   space 1536K, 0% used [0x00000000de500000,0x00000000de500000,0x00000000de680000)
 ParOldGen       total 187904K, used 127688K [0x0000000081c00000, 0x000000008d380000, 0x00000000d5f00000)
  object space 187904K, 67% used [0x0000000081c00000,0x00000000898b2000,0x000000008d380000)
 Metaspace       used 9832K, capacity 9974K, committed 10240K, reserved 1058816K
  class space    used 1126K, capacity 1169K, committed 1280K, reserved 1048576K
Event: 76.733 GC heap after
Heap after GC invocations=53 (full 16):
 PSYoungGen      total 125440K, used 0K [0x00000000d5f00000, 0x00000000de680000, 0x0000000100000000)
  eden space 123904K, 0% used [0x00000000d5f00000,0x00000000d5f00000,0x00000000dd800000)
  from space 1536K, 0% used [0x00000000dd800000,0x00000000dd800000,0x00000000dd980000)
  to   space 1536K, 0% used [0x00000000de500000,0x00000000de500000,0x00000000de680000)
 ParOldGen       total 191488K, used 127688K [0x0000000081c00000, 0x000000008d700000, 0x00000000d5f00000)
  object space 191488K, 66% used [0x0000000081c00000,0x00000000898b20b8,0x000000008d700000)
 Metaspace       used 9832K, capacity 9974K, committed 10240K, reserved 1058816K
  class space    used 1126K, capacity 1169K, committed 1280K, reserved 1048576K
}
Event: 76.733 GC heap before
{Heap before GC invocations=54 (full 16):
 PSYoungGen      total 125440K, used 0K [0x00000000d5f00000, 0x00000000de680000, 0x0000000100000000)
  eden space 123904K, 0% used [0x00000000d5f00000,0x00000000d5f00000,0x00000000dd800000)
  from space 1536K, 0% used [0x00000000dd800000,0x00000000dd800000,0x00000000dd980000)
  to   space 1536K, 0% used [0x00000000de500000,0x00000000de500000,0x00000000de680000)
 ParOldGen       total 191488K, used 127688K [0x0000000081c00000, 0x000000008d700000, 0x00000000d5f00000)
  object space 191488K, 66% used [0x0000000081c00000,0x00000000898b20b8,0x000000008d700000)
 Metaspace       used 9832K, capacity 9974K, committed 10240K, reserved 1058816K
  class space    used 1126K, capacity 1169K, committed 1280K, reserved 1048576K
Event: 76.733 GC heap after
Heap after GC invocations=54 (full 16):
 PSYoungGen      total 137216K, used 0K [0x00000000d5f00000, 0x00000000de700000, 0x0000000100000000)
  eden space 135680K, 0% used [0x00000000d5f00000,0x00000000d5f00000,0x00000000de380000)
  from space 1536K, 0% used [0x00000000de500000,0x00000000de500000,0x00000000de680000)
  to   space 1536K, 0% used [0x00000000de380000,0x00000000de380000,0x00000000de500000)
 ParOldGen       total 191488K, used 127688K [0x0000000081c00000, 0x000000008d700000, 0x00000000d5f00000)
  object space 191488K, 66% used [0x0000000081c00000,0x00000000898b20b8,0x000000008d700000)
 Metaspace       used 9832K, capacity 9974K, committed 10240K, reserved 1058816K
  class space    used 1126K, capacity 1169K, committed 1280K, reserved 1048576K
}
Event: 76.734 GC heap before
{Heap before GC invocations=55 (full 17):
 PSYoungGen      total 137216K, used 0K [0x00000000d5f00000, 0x00000000de700000, 0x0000000100000000)
  eden space 135680K, 0% used [0x00000000d5f00000,0x00000000d5f00000,0x00000000de380000)
  from space 1536K, 0% used [0x00000000de500000,0x00000000de500000,0x00000000de680000)
  to   space 1536K, 0% used [0x00000000de380000,0x00000000de380000,0x00000000de500000)
 ParOldGen       total 191488K, used 127688K [0x0000000081c00000, 0x000000008d700000, 0x00000000d5f00000)
  object space 191488K, 66% used [0x0000000081c00000,0x00000000898b20b8,0x000000008d700000)
 Metaspace       used 9832K, capacity 9974K, committed 10240K, reserved 1058816K
  class space    used 1126K, capacity 1169K, committed 1280K, reserved 1048576K
Event: 77.101 GC heap after
Heap after GC invocations=55 (full 17):
 PSYoungGen      total 137216K, used 0K [0x00000000d5f00000, 0x00000000de700000, 0x0000000100000000)
  eden space 135680K, 0% used [0x00000000d5f00000,0x00000000d5f00000,0x00000000de380000)
  from space 1536K, 0% used [0x00000000de500000,0x00000000de500000,0x00000000de680000)
  to   space 1536K, 0% used [0x00000000de380000,0x00000000de380000,0x00000000de500000)
 ParOldGen       total 191488K, used 127688K [0x0000000081c00000, 0x000000008d700000, 0x00000000d5f00000)
  object space 191488K, 66% used [0x0000000081c00000,0x00000000898b20b8,0x000000008d700000)
 Metaspace       used 9832K, capacity 9974K, committed 10240K, reserved 1058816K
  class space    used 1126K, capacity 1169K, committed 1280K, reserved 1048576K
}

