# JRE version: Java(TM) SE Runtime Environment (8.0_05-b13) (build 1.8.0_05-b13)
# Java VM: Java HotSpot(TM) 64-Bit Server VM (25.5-b02 mixed mode windows-amd64 compressed oops)
Heap:
 PSYoungGen      total 14848K, used 10806K [0x00000000d5f00000, 0x00000000d7180000, 0x0000000100000000)
  eden space 10752K, 98% used [0x00000000d5f00000,0x00000000d694d990,0x00000000d6980000)
  from space 4096K, 6% used [0x00000000d6d80000,0x00000000d6dc0000,0x00000000d7180000)
  to   space 4096K, 0% used [0x00000000d6980000,0x00000000d6980000,0x00000000d6d80000)
 ParOldGen       total 129536K, used 6807K [0x0000000081c00000, 0x0000000089a80000, 0x00000000d5f00000)
  object space 129536K, 5% used [0x0000000081c00000,0x00000000822a5d28,0x0000000089a80000)
 Metaspace       used 9392K, capacity 9526K, committed 9728K, reserved 1058816K
  class space    used 1106K, capacity 1169K, committed 1280K, reserved 1048576K
GC Heap History (10 events):
Event: 0.314 GC heap before
{Heap before GC invocations=6 (full 0):
 PSYoungGen      total 2560K, used 2560K [0x00000000d5f00000, 0x00000000d6800000, 0x0000000100000000)
  eden space 2048K, 100% used [0x00000000d5f00000,0x00000000d6100000,0x00000000d6100000)
  from space 512K, 100% used [0x00000000d6100000,0x00000000d6180000,0x00000000d6180000)
  to   space 2560K, 0% used [0x00000000d6580000,0x00000000d6580000,0x00000000d6800000)
 ParOldGen       total 129536K, used 3019K [0x0000000081c00000, 0x0000000089a80000, 0x00000000d5f00000)
  object space 129536K, 2% used [0x0000000081c00000,0x0000000081ef2d48,0x0000000089a80000)
 Metaspace       used 8980K, capacity 9110K, committed 9344K, reserved 1056768K
  class space    used 1087K, capacity 1137K, committed 1152K, reserved 1048576K
Event: 0.315 GC heap after
Heap after GC invocations=6 (full 0):
 PSYoungGen      total 6144K, used 2560K [0x00000000d5f00000, 0x00000000d6900000, 0x0000000100000000)
  eden space 3584K, 0% used [0x00000000d5f00000,0x00000000d5f00000,0x00000000d6280000)
  from space 2560K, 100% used [0x00000000d6580000,0x00000000d6800000,0x00000000d6800000)
  to   space 3072K, 0% used [0x00000000d6280000,0x00000000d6280000,0x00000000d6580000)
 ParOldGen       total 129536K, used 3067K [0x0000000081c00000, 0x0000000089a80000, 0x00000000d5f00000)
  object space 129536K, 2% used [0x0000000081c00000,0x0000000081efed78,0x0000000089a80000)
 Metaspace       used 8980K, capacity 9110K, committed 9344K, reserved 1056768K
  class space    used 1087K, capacity 1137K, committed 1152K, reserved 1048576K
}
Event: 9.627 GC heap before
{Heap before GC invocations=7 (full 0):
 PSYoungGen      total 6144K, used 6144K [0x00000000d5f00000, 0x00000000d6900000, 0x0000000100000000)
  eden space 3584K, 100% used [0x00000000d5f00000,0x00000000d6280000,0x00000000d6280000)
  from space 2560K, 100% used [0x00000000d6580000,0x00000000d6800000,0x00000000d6800000)
  to   space 3072K, 0% used [0x00000000d6280000,0x00000000d6280000,0x00000000d6580000)
 ParOldGen       total 129536K, used 3067K [0x0000000081c00000, 0x0000000089a80000, 0x00000000d5f00000)
  object space 129536K, 2% used [0x0000000081c00000,0x0000000081efed78,0x0000000089a80000)
 Metaspace       used 9382K, capacity 9494K, committed 9600K, reserved 1058816K
  class space    used 1104K, capacity 1137K, committed 1152K, reserved 1048576K
Event: 9.629 GC heap after
Heap after GC invocations=7 (full 0):
 PSYoungGen      total 6656K, used 3068K [0x00000000d5f00000, 0x00000000d6e00000, 0x0000000100000000)
  eden space 3584K, 0% used [0x00000000d5f00000,0x00000000d5f00000,0x00000000d6280000)
  from space 3072K, 99% used [0x00000000d6280000,0x00000000d657f010,0x00000000d6580000)
  to   space 4096K, 0% used [0x00000000d6a00000,0x00000000d6a00000,0x00000000d6e00000)
 ParOldGen       total 129536K, used 3643K [0x0000000081c00000, 0x0000000089a80000, 0x00000000d5f00000)
  object space 129536K, 2% used [0x0000000081c00000,0x0000000081f8efa8,0x0000000089a80000)
 Metaspace       used 9382K, capacity 9494K, committed 9600K, reserved 1058816K
  class space    used 1104K, capacity 1137K, committed 1152K, reserved 1048576K
}
Event: 33.654 GC heap before
{Heap before GC invocations=8 (full 0):
 PSYoungGen      total 6656K, used 6652K [0x00000000d5f00000, 0x00000000d6e00000, 0x0000000100000000)
  eden space 3584K, 100% used [0x00000000d5f00000,0x00000000d6280000,0x00000000d6280000)
  from space 3072K, 99% used [0x00000000d6280000,0x00000000d657f010,0x00000000d6580000)
  to   space 4096K, 0% used [0x00000000d6a00000,0x00000000d6a00000,0x00000000d6e00000)
 ParOldGen       total 129536K, used 3643K [0x0000000081c00000, 0x0000000089a80000, 0x00000000d5f00000)
  object space 129536K, 2% used [0x0000000081c00000,0x0000000081f8efa8,0x0000000089a80000)
 Metaspace       used 9385K, capacity 9494K, committed 9600K, reserved 1058816K
  class space    used 1104K, capacity 1137K, committed 1152K, reserved 1048576K
Event: 33.656 GC heap after
Heap after GC invocations=8 (full 0):
 PSYoungGen      total 10752K, used 2936K [0x00000000d5f00000, 0x00000000d6f00000, 0x0000000100000000)
  eden space 6656K, 0% used [0x00000000d5f00000,0x00000000d5f00000,0x00000000d6580000)
  from space 4096K, 71% used [0x00000000d6a00000,0x00000000d6cde020,0x00000000d6e00000)
  to   space 4608K, 0% used [0x00000000d6580000,0x00000000d6580000,0x00000000d6a00000)
 ParOldGen       total 129536K, used 3939K [0x0000000081c00000, 0x0000000089a80000, 0x00000000d5f00000)
  object space 129536K, 3% used [0x0000000081c00000,0x0000000081fd8fb8,0x0000000089a80000)
 Metaspace       used 9385K, capacity 9494K, committed 9600K, reserved 1058816K
  class space    used 1104K, capacity 1137K, committed 1152K, reserved 1048576K
}
Event: 78.173 GC heap before
{Heap before GC invocations=9 (full 0):
 PSYoungGen      total 10752K, used 9592K [0x00000000d5f00000, 0x00000000d6f00000, 0x0000000100000000)
  eden space 6656K, 100% used [0x00000000d5f00000,0x00000000d6580000,0x00000000d6580000)
  from space 4096K, 71% used [0x00000000d6a00000,0x00000000d6cde020,0x00000000d6e00000)
  to   space 4608K, 0% used [0x00000000d6580000,0x00000000d6580000,0x00000000d6a00000)
 ParOldGen       total 129536K, used 3939K [0x0000000081c00000, 0x0000000089a80000, 0x00000000d5f00000)
  object space 129536K, 3% used [0x0000000081c00000,0x0000000081fd8fb8,0x0000000089a80000)
 Metaspace       used 9385K, capacity 9494K, committed 9600K, reserved 1058816K
  class space    used 1104K, capacity 1137K, committed 1152K, reserved 1048576K
Event: 78.177 GC heap after
Heap after GC invocations=9 (full 0):
 PSYoungGen      total 11264K, used 1084K [0x00000000d5f00000, 0x00000000d7180000, 0x0000000100000000)
  eden space 6656K, 0% used [0x00000000d5f00000,0x00000000d5f00000,0x00000000d6580000)
  from space 4608K, 23% used [0x00000000d6580000,0x00000000d668f010,0x00000000d6a00000)
  to   space 4096K, 0% used [0x00000000d6d80000,0x00000000d6d80000,0x00000000d7180000)
 ParOldGen       total 129536K, used 5734K [0x0000000081c00000, 0x0000000089a80000, 0x00000000d5f00000)
  object space 129536K, 4% used [0x0000000081c00000,0x00000000821998e8,0x0000000089a80000)
 Metaspace       used 9385K, capacity 9494K, committed 9600K, reserved 1058816K
  class space    used 1104K, capacity 1137K, committed 1152K, reserved 1048576K
}
Event: 122.986 GC heap before
{Heap before GC invocations=10 (full 0):
 PSYoungGen      total 11264K, used 7740K [0x00000000d5f00000, 0x00000000d7180000, 0x0000000100000000)
  eden space 6656K, 100% used [0x00000000d5f00000,0x00000000d6580000,0x00000000d6580000)
  from space 4608K, 23% used [0x00000000d6580000,0x00000000d668f010,0x00000000d6a00000)
  to   space 4096K, 0% used [0x00000000d6d80000,0x00000000d6d80000,0x00000000d7180000)
 ParOldGen       total 129536K, used 5734K [0x0000000081c00000, 0x0000000089a80000, 0x00000000d5f00000)
  object space 129536K, 4% used [0x0000000081c00000,0x00000000821998e8,0x0000000089a80000)
 Metaspace       used 9387K, capacity 9494K, committed 9600K, reserved 1058816K
  class space    used 1105K, capacity 1137K, committed 1152K, reserved 1048576K
Event: 122.987 GC heap after
Heap after GC invocations=10 (full 0):
 PSYoungGen      total 14848K, used 256K [0x00000000d5f00000, 0x00000000d7180000, 0x0000000100000000)
  eden space 10752K, 0% used [0x00000000d5f00000,0x00000000d5f00000,0x00000000d6980000)
  from space 4096K, 6% used [0x00000000d6d80000,0x00000000d6dc0000,0x00000000d7180000)
  to   space 4096K, 0% used [0x00000000d6980000,0x00000000d6980000,0x00000000d6d80000)
 ParOldGen       total 129536K, used 6807K [0x0000000081c00000, 0x0000000089a80000, 0x00000000d5f00000)
  object space 129536K, 5% used [0x0000000081c00000,0x00000000822a5d28,0x0000000089a80000)
 Metaspace       used 9387K, capacity 9494K, committed 9600K, reserved 1058816K
  class space    used 1105K, capacity 1137K, committed 1152K, reserved 1048576K
}

